{"synthetic": false,
 "schemaVersion": "2025-09-10",
 "outputs":
 {"o": ["c939971665d85fce.olean"],
  "i": "7f49a59e1c9c6fab.ilean",
  "c": "92c08c7e8050126f.c"},
 "log":
 [{"message":
   ".> LEAN_PATH=C:\\Users\\matts\\Documents\\GitHub\\Substrate\\Verification\\lean4\\SubstrateTheory\\.lake\\packages\\Cli\\.lake\\build\\lib\\lean;C:\\Users\\matts\\Documents\\GitHub\\Substrate\\Verification\\lean4\\SubstrateTheory\\.lake\\packages\\batteries\\.lake\\build\\lib\\lean;C:\\Users\\matts\\Documents\\GitHub\\Substrate\\Verification\\lean4\\SubstrateTheory\\.lake\\packages\\Qq\\.lake\\build\\lib\\lean;C:\\Users\\matts\\Documents\\GitHub\\Substrate\\Verification\\lean4\\SubstrateTheory\\.lake\\packages\\aesop\\.lake\\build\\lib\\lean;C:\\Users\\matts\\Documents\\GitHub\\Substrate\\Verification\\lean4\\SubstrateTheory\\.lake\\packages\\proofwidgets\\.lake\\build\\lib\\lean;C:\\Users\\matts\\Documents\\GitHub\\Substrate\\Verification\\lean4\\SubstrateTheory\\.lake\\packages\\importGraph\\.lake\\build\\lib\\lean;C:\\Users\\matts\\Documents\\GitHub\\Substrate\\Verification\\lean4\\SubstrateTheory\\.lake\\packages\\LeanSearchClient\\.lake\\build\\lib\\lean;C:\\Users\\matts\\Documents\\GitHub\\Substrate\\Verification\\lean4\\SubstrateTheory\\.lake\\packages\\plausible\\.lake\\build\\lib\\lean;C:\\Users\\matts\\Documents\\GitHub\\Substrate\\Verification\\lean4\\SubstrateTheory\\.lake\\packages\\mathlib\\.lake\\build\\lib\\lean;C:\\Users\\matts\\Documents\\GitHub\\Substrate\\Verification\\lean4\\SubstrateTheory\\.lake\\build\\lib\\lean c:\\Users\\matts\\.elan\\toolchains\\leanprover--lean4---v4.25.0-rc2\\bin\\lean.exe C:\\Users\\matts\\Documents\\GitHub\\Substrate\\Verification\\lean4\\SubstrateTheory\\SubstrateTheory.lean -o C:\\Users\\matts\\Documents\\GitHub\\Substrate\\Verification\\lean4\\SubstrateTheory\\.lake\\build\\lib\\lean\\SubstrateTheory.olean -i C:\\Users\\matts\\Documents\\GitHub\\Substrate\\Verification\\lean4\\SubstrateTheory\\.lake\\build\\lib\\lean\\SubstrateTheory.ilean -c C:\\Users\\matts\\Documents\\GitHub\\Substrate\\Verification\\lean4\\SubstrateTheory\\.lake\\build\\ir\\SubstrateTheory.c --setup C:\\Users\\matts\\Documents\\GitHub\\Substrate\\Verification\\lean4\\SubstrateTheory\\.lake\\build\\ir\\SubstrateTheory.setup.json --json",
   "level": "trace"}],
 "inputs":
 [["SubstrateTheory:deps",
   [["deps",
     [["SubstrateTheory/SubstrateTheory:extraDep",
       [["@SubstrateTheory:extraDep", "00000000000006bb"]]],
      ["imports",
       [["SubstrateTheory.Core.Types transitive imports (legacy)",
         "7b37c484dc4b66ab"],
        ["SubstrateTheory.Core.Types:importAllArts", "98fdf06af43affb4"],
        ["SubstrateTheory.Core.Parameters transitive imports (legacy)",
         "77acf34dd829894f"],
        ["SubstrateTheory.Core.Parameters:importAllArts", "d9a2a8334c3864c3"],
        ["SubstrateTheory.Core.Axioms transitive imports (legacy)",
         "3ce3f785bf2ddaf6"],
        ["SubstrateTheory.Core.Axioms:importAllArts", "ed2ecd65ae85f0c7"],
        ["SubstrateTheory.Core.Grounding transitive imports (legacy)",
         "c82563af99db9f05"],
        ["SubstrateTheory.Core.Grounding:importAllArts", "8fd3030be19ee03f"],
        ["SubstrateTheory.Core.MasterTheorem transitive imports (legacy)",
         "9d0b643009ad2eae"],
        ["SubstrateTheory.Core.MasterTheorem:importAllArts",
         "3ed7787f9a39c4df"],
        ["SubstrateTheory.Ideal.Complexity transitive imports (legacy)",
         "2ea6a08d7cdc333c"],
        ["SubstrateTheory.Ideal.Complexity:importAllArts", "f0540d1cca0c7557"],
        ["SubstrateTheory.Operational.Complexity transitive imports (legacy)",
         "f5dbc758646229d0"],
        ["SubstrateTheory.Operational.Complexity:importAllArts",
         "3a280dd7a4295358"],
        ["SubstrateTheory.Bridge.Convergence transitive imports (legacy)",
         "94665e94138cfeb9"],
        ["SubstrateTheory.Bridge.Convergence:importAllArts",
         "153c2c0e0f90d1a8"],
        ["SubstrateTheory.CA.Mechanistic transitive imports (legacy)",
         "aa18751992e1157c"],
        ["SubstrateTheory.CA.Mechanistic:importAllArts", "7632405d9fc5208f"],
        ["SubstrateTheory.Error.Bounds transitive imports (legacy)",
         "1a44ad47ce61ee4f"],
        ["SubstrateTheory.Error.Bounds:importAllArts", "73415be6f7d03939"],
        ["SubstrateTheory.Error.Composition transitive imports (legacy)",
         "b4934c336da984b2"],
        ["SubstrateTheory.Error.Composition:importAllArts",
         "2dda8dc0f23aebc2"]]]]],
    ["libs",
     [["import dynlibs", "00000000000006bb"],
      ["package external libraries", "00000000000006bb"],
      ["module dynlibs", "00000000000006bb"],
      ["module plugins", "00000000000006bb"]]]]],
  ["Lean 4.25.0, commit 744f98064b056ee27fc8c97f524797c8cc96f436",
   "4bbac11c6209e48b"],
  ["C:\\Users\\matts\\Documents\\GitHub\\Substrate\\Verification\\lean4\\SubstrateTheory\\SubstrateTheory.lean",
   "ec8833d58090339e"],
  ["options", "00000000000006bb"],
  ["Module.leanArgs: #[]", "00000000000006bb"]],
 "depHash": "d76ef10090eaea25"}